
-------------------------------------------
The topo file contains the following genes:
Gene_ID -- Gene_Name
1 -- PHOX2B
2 -- SOX10
3 -- PRRX1
4 -- GATA3
5 -- SNAI2
6 -- HAND2
-------------------------------------------
Total number of genes = 6
Total number of regulations = 21
-------------------------------------------
Amplification of the parameter ranges (production rates and thresholds)
PHOX2B	10.000000
SOX10	1.000000
PRRX1	1.000000
GATA3	1.000000
SNAI2	1.000000
HAND2	1.000000

-------------------T_test------------------
Gene_ID -- Probs_over_T
1 -- 0.496780
2 -- 0.382812
3 -- 0.382325
4 -- 0.414526
5 -- 0.393490
6 -- 0.402119

-----------------Stability-----------------
#states -- Count
1 -- 133
2 -- 973
3 -- 2669
4 -- 2084
5 -- 827
6 -- 225
7 -- 56
8 -- 8
9 -- 5
10 -- 20
---> Actual running time : 1682.110266 seconds ( 0.467253 hours)
The maximum running time is 23.500000.

-------------------------------------------
The topo file contains the following genes:
Gene_ID -- Gene_Name
1 -- PHOX2B
2 -- SOX10
3 -- PRRX1
4 -- GATA3
5 -- SNAI2
6 -- HAND2
-------------------------------------------
Total number of genes = 6
Total number of regulations = 21
-------------------------------------------
Amplification of the parameter ranges (production rates and thresholds)
PHOX2B	10.000000
SOX10	1.000000
PRRX1	1.000000
GATA3	1.000000
SNAI2	1.000000
HAND2	1.000000

-------------------T_test------------------
Gene_ID -- Probs_over_T
1 -- 0.417299
2 -- 0.565052
3 -- 0.426326
4 -- 0.429277
5 -- 0.432293
6 -- 0.418535

-----------------Stability-----------------
#states -- Count
1 -- 308
2 -- 1150
3 -- 2022
4 -- 2185
5 -- 945
6 -- 266
7 -- 58
8 -- 15
9 -- 10
10 -- 41
---> Actual running time : 1698.430457 seconds ( 0.471786 hours)
The maximum running time is 23.500000.

-------------------------------------------
The topo file contains the following genes:
Gene_ID -- Gene_Name
1 -- PHOX2B
2 -- SOX10
3 -- PRRX1
4 -- GATA3
5 -- SNAI2
6 -- HAND2
-------------------------------------------
Total number of genes = 6
Total number of regulations = 21
-------------------------------------------
Amplification of the parameter ranges (production rates and thresholds)
PHOX2B	10.000000
SOX10	1.000000
PRRX1	1.000000
GATA3	1.000000
SNAI2	1.000000
HAND2	1.000000

-------------------T_test------------------
Gene_ID -- Probs_over_T
1 -- 0.326884
2 -- 0.459183
3 -- 0.545950
4 -- 0.352241
5 -- 0.448296
6 -- 0.349600

-----------------Stability-----------------
#states -- Count
1 -- 518
2 -- 1787
3 -- 2445
4 -- 1556
5 -- 469
6 -- 135
7 -- 33
8 -- 10
9 -- 9
10 -- 38
---> Actual running time : 1699.076319 seconds ( 0.471966 hours)
The maximum running time is 23.500000.

-------------------------------------------
The topo file contains the following genes:
Gene_ID -- Gene_Name
1 -- PHOX2B
2 -- SOX10
3 -- PRRX1
4 -- GATA3
5 -- SNAI2
6 -- HAND2
-------------------------------------------
Total number of genes = 6
Total number of regulations = 21
-------------------------------------------
Amplification of the parameter ranges (production rates and thresholds)
PHOX2B	10.000000
SOX10	1.000000
PRRX1	1.000000
GATA3	1.000000
SNAI2	1.000000
HAND2	1.000000

-------------------T_test------------------
Gene_ID -- Probs_over_T
1 -- 0.380490
2 -- 0.419601
3 -- 0.413519
4 -- 0.576210
5 -- 0.424299
6 -- 0.418264

-----------------Stability-----------------
#states -- Count
1 -- 160
2 -- 1015
3 -- 1944
4 -- 2192
5 -- 1124
6 -- 362
7 -- 119
8 -- 31
9 -- 11
10 -- 42
---> Actual running time : 1707.363688 seconds ( 0.474268 hours)
The maximum running time is 23.500000.

-------------------------------------------
The topo file contains the following genes:
Gene_ID -- Gene_Name
1 -- PHOX2B
2 -- SOX10
3 -- PRRX1
4 -- GATA3
5 -- SNAI2
6 -- HAND2
-------------------------------------------
Total number of genes = 6
Total number of regulations = 21
-------------------------------------------
Amplification of the parameter ranges (production rates and thresholds)
PHOX2B	10.000000
SOX10	1.000000
PRRX1	1.000000
GATA3	1.000000
SNAI2	1.000000
HAND2	1.000000

-------------------T_test------------------
Gene_ID -- Probs_over_T
1 -- 0.393130
2 -- 0.414643
3 -- 0.420229
4 -- 0.417306
5 -- 0.555963
6 -- 0.409225

-----------------Stability-----------------
#states -- Count
1 -- 318
2 -- 1397
3 -- 2314
4 -- 1820
5 -- 788
6 -- 233
7 -- 69
8 -- 20
9 -- 7
10 -- 34
---> Actual running time : 1687.900058 seconds ( 0.468861 hours)
The maximum running time is 23.500000.

-------------------------------------------
The topo file contains the following genes:
Gene_ID -- Gene_Name
1 -- PHOX2B
2 -- SOX10
3 -- PRRX1
4 -- GATA3
5 -- SNAI2
6 -- HAND2
-------------------------------------------
Total number of genes = 6
Total number of regulations = 21
-------------------------------------------
Amplification of the parameter ranges (production rates and thresholds)
PHOX2B	10.000000
SOX10	1.000000
PRRX1	1.000000
GATA3	1.000000
SNAI2	1.000000
HAND2	1.000000

-------------------T_test------------------
Gene_ID -- Probs_over_T
1 -- 0.356399
2 -- 0.407212
3 -- 0.397890
4 -- 0.418496
5 -- 0.406970
6 -- 0.539916

-----------------Stability-----------------
#states -- Count
1 -- 139
2 -- 962
3 -- 2280
4 -- 2050
5 -- 1041
6 -- 334
7 -- 116
8 -- 34
9 -- 11
10 -- 33
---> Actual running time : 1704.025421 seconds ( 0.473340 hours)
The maximum running time is 23.500000.
